TN:
SF:src/buildAstTree.js
FN:3,(anonymous_0)
FN:7,(anonymous_1)
FNF:2
FNH:2
FNDA:12,(anonymous_0)
FNDA:46,(anonymous_1)
DA:3,1
DA:4,12
DA:5,12
DA:7,12
DA:8,46
DA:9,12
DA:11,34
DA:12,8
DA:14,26
DA:15,8
DA:17,18
DA:18,8
DA:20,10
DA:22,12
LF:14
LH:14
BRDA:8,0,0,12
BRDA:8,0,1,34
BRDA:11,1,0,8
BRDA:11,1,1,26
BRDA:14,2,0,8
BRDA:14,2,1,18
BRDA:14,3,0,26
BRDA:14,3,1,10
BRDA:17,4,0,8
BRDA:17,4,1,10
BRF:10
BRH:10
end_of_record
TN:
SF:src/getData.js
FN:4,(anonymous_0)
FNF:1
FNH:1
FNDA:11,(anonymous_0)
DA:4,1
DA:5,11
DA:7,11
DA:8,1
DA:11,10
DA:13,10
DA:15,10
LF:7
LH:7
BRDA:7,0,0,1
BRDA:7,0,1,10
BRF:2
BRH:2
end_of_record
TN:
SF:src/index.js
FN:6,(anonymous_0)
FNF:1
FNH:1
FNDA:6,(anonymous_0)
DA:6,1
DA:7,6
DA:8,5
DA:10,5
DA:11,4
DA:13,4
DA:15,4
DA:17,4
LF:8
LH:8
BRDA:6,0,0,6
BRF:1
BRH:1
end_of_record
TN:
SF:src/parsers.js
FN:3,(anonymous_0)
FNF:1
FNH:1
FNDA:9,(anonymous_0)
DA:3,1
DA:4,9
DA:6,4
DA:9,4
DA:11,1
LF:5
LH:5
BRDA:4,0,0,4
BRDA:4,0,1,4
BRDA:4,0,2,4
BRDA:4,0,3,1
BRF:4
BRH:4
end_of_record
TN:
SF:src/formatters/index.js
FN:5,(anonymous_0)
FNF:1
FNH:1
FNDA:4,(anonymous_0)
DA:5,1
DA:6,4
DA:8,4
DA:10,0
DA:12,0
DA:14,0
LF:6
LH:3
BRDA:6,0,0,4
BRDA:6,0,1,0
BRDA:6,0,2,0
BRDA:6,0,3,0
BRF:4
BRH:1
end_of_record
TN:
SF:src/formatters/jsonRender.js
FN:1,(anonymous_0)
FNF:1
FNH:0
FNDA:0,(anonymous_0)
DA:1,1
LF:1
LH:1
BRF:0
BRH:0
end_of_record
TN:
SF:src/formatters/plainRender.js
FN:1,(anonymous_0)
FNF:1
FNH:0
FNDA:0,(anonymous_0)
DA:1,1
LF:1
LH:1
BRF:0
BRH:0
end_of_record
TN:
SF:src/formatters/stylishRender.js
FN:4,(anonymous_0)
FN:15,(anonymous_1)
FN:20,(anonymous_2)
FN:23,(anonymous_3)
FN:49,(anonymous_4)
FNF:5
FNH:5
FNDA:66,(anonymous_0)
FNDA:18,(anonymous_1)
FNDA:12,(anonymous_2)
FNDA:46,(anonymous_3)
FNDA:4,(anonymous_4)
DA:4,1
DA:5,66
DA:7,52
DA:10,14
DA:11,14
DA:14,14
DA:15,18
DA:17,14
DA:20,1
DA:21,12
DA:23,12
DA:25,46
DA:26,46
DA:28,8
DA:30,12
DA:32,8
DA:34,8
DA:37,10
DA:41,0
DA:45,12
DA:49,4
LF:21
LH:20
BRDA:5,0,0,52
BRDA:5,0,1,14
BRDA:20,1,0,0
BRDA:26,2,0,8
BRDA:26,2,1,12
BRDA:26,2,2,8
BRDA:26,2,3,8
BRDA:26,2,4,10
BRDA:26,2,5,0
BRF:9
BRH:7
end_of_record
TN:
SF:src/utils/helpers.js
FN:7,(anonymous_0)
FN:8,(anonymous_1)
FNF:2
FNH:2
FNDA:14,(anonymous_0)
FNDA:4,(anonymous_1)
DA:5,1
DA:7,14
DA:8,4
LF:3
LH:3
BRF:0
BRH:0
end_of_record
