TN:
SF:src/buildAstTree.js
FN:3,(anonymous_0)
FN:7,(anonymous_1)
FNF:2
FNH:2
FNDA:35,(anonymous_0)
FNDA:126,(anonymous_1)
DA:3,1
DA:4,35
DA:5,35
DA:7,35
DA:8,126
DA:9,35
DA:11,91
DA:12,14
DA:14,77
DA:15,28
DA:17,49
DA:18,21
DA:20,28
DA:22,35
LF:14
LH:14
BRDA:8,0,0,35
BRDA:8,0,1,91
BRDA:11,1,0,14
BRDA:11,1,1,77
BRDA:14,2,0,28
BRDA:14,2,1,49
BRDA:14,3,0,77
BRDA:14,3,1,35
BRDA:17,4,0,21
BRDA:17,4,1,28
BRF:10
BRH:10
end_of_record
TN:
SF:src/getData.js
FN:4,(anonymous_0)
FNF:1
FNH:1
FNDA:17,(anonymous_0)
DA:4,1
DA:5,17
DA:7,17
DA:8,3
DA:11,14
DA:13,14
DA:15,14
LF:7
LH:7
BRDA:7,0,0,3
BRDA:7,0,1,14
BRF:2
BRH:2
end_of_record
TN:
SF:src/index.js
FN:6,(anonymous_0)
FNF:1
FNH:1
FNDA:10,(anonymous_0)
DA:6,1
DA:7,10
DA:8,7
DA:10,7
DA:11,7
DA:13,7
DA:15,7
DA:17,6
LF:8
LH:8
BRDA:6,0,0,5
BRF:1
BRH:1
end_of_record
TN:
SF:src/parsers.js
FN:3,(anonymous_0)
FNF:1
FNH:1
FNDA:14,(anonymous_0)
DA:3,1
DA:4,14
DA:6,8
DA:9,6
DA:11,0
LF:5
LH:4
BRDA:4,0,0,8
BRDA:4,0,1,6
BRDA:4,0,2,6
BRDA:4,0,3,0
BRF:4
BRH:3
end_of_record
TN:
SF:src/formatters/index.js
FN:5,(anonymous_0)
FNF:1
FNH:1
FNDA:7,(anonymous_0)
DA:5,1
DA:6,7
DA:8,2
DA:10,2
DA:12,2
DA:14,1
LF:6
LH:6
BRDA:6,0,0,2
BRDA:6,0,1,2
BRDA:6,0,2,2
BRDA:6,0,3,1
BRF:4
BRH:4
end_of_record
TN:
SF:src/formatters/jsonRender.js
FN:1,(anonymous_0)
FNF:1
FNH:1
FNDA:2,(anonymous_0)
DA:1,2
LF:1
LH:1
BRF:0
BRH:0
end_of_record
TN:
SF:src/formatters/plainRender.js
FN:3,(anonymous_0)
FN:13,(anonymous_1)
FN:15,(anonymous_2)
FN:34,(anonymous_3)
FNF:4
FNH:4
FNDA:26,(anonymous_0)
FNDA:10,(anonymous_1)
FNDA:36,(anonymous_2)
FNDA:36,(anonymous_3)
DA:3,1
DA:4,26
DA:5,6
DA:7,20
DA:8,14
DA:10,6
DA:13,1
DA:14,10
DA:16,36
DA:18,36
DA:20,8
DA:22,10
DA:24,4
DA:26,8
DA:28,6
DA:34,36
DA:36,10
LF:17
LH:17
BRDA:4,0,0,6
BRDA:4,0,1,20
BRDA:4,1,0,26
BRDA:4,1,1,6
BRDA:7,2,0,14
BRDA:7,2,1,6
BRDA:13,3,0,2
BRDA:16,4,0,8
BRDA:16,4,1,28
BRDA:18,5,0,8
BRDA:18,5,1,10
BRDA:18,5,2,4
BRDA:18,5,3,8
BRDA:18,5,4,6
BRF:14
BRH:14
end_of_record
TN:
SF:src/formatters/stylishRender.js
FN:3,(anonymous_0)
FN:12,(anonymous_1)
FN:17,(anonymous_2)
FN:20,(anonymous_3)
FN:44,(anonymous_4)
FNF:5
FNH:5
FNDA:54,(anonymous_0)
FNDA:18,(anonymous_1)
FNDA:10,(anonymous_2)
FNDA:36,(anonymous_3)
FNDA:2,(anonymous_4)
DA:3,1
DA:4,54
DA:5,40
DA:8,14
DA:9,14
DA:11,14
DA:12,18
DA:14,14
DA:17,1
DA:18,10
DA:20,10
DA:21,36
DA:22,36
DA:24,8
DA:26,10
DA:28,4
DA:30,6
DA:32,8
DA:41,10
DA:44,2
LF:20
LH:20
BRDA:4,0,0,40
BRDA:4,0,1,14
BRDA:17,1,0,0
BRDA:22,2,0,8
BRDA:22,2,1,10
BRDA:22,2,2,4
BRDA:22,2,3,6
BRDA:22,2,4,8
BRF:8
BRH:7
end_of_record
TN:
SF:src/utils/helpers.js
FN:7,(anonymous_0)
FN:8,(anonymous_1)
FNF:2
FNH:2
FNDA:23,(anonymous_0)
FNDA:6,(anonymous_1)
DA:5,1
DA:7,23
DA:8,6
LF:3
LH:3
BRF:0
BRH:0
end_of_record
